2025-07-20T23:47:50.2437278+04:00  [INF] User profile is available. Using '"C:\Users\oldui\AppData\Local\ASP.NET\DataProtection-Keys"' as key repository and Windows DPAPI to encrypt keys at rest. (7ac5e29c)
2025-07-20T23:47:53.9875702+04:00  [INF] Now listening on: "https://localhost:7071" (d826f4b8)
2025-07-20T23:47:53.9878168+04:00  [INF] Now listening on: "http://localhost:5102" (d826f4b8)
2025-07-20T23:47:54.0521868+04:00  [INF] Application started. Press Ctrl+C to shut down. (dcaefe54)
2025-07-20T23:47:54.0533213+04:00  [INF] Hosting environment: "Development" (bc5a1a4e)
2025-07-20T23:47:54.0534323+04:00  [INF] Content root path: "D:\Tasks\TaskTwo" (cc26f24e)
2025-07-20T23:47:57.5712901+04:00 0HNE7OP8N1TSV:00000001 [INF] Request starting "HTTP/2" "GET" "https"://"localhost:7071""""/""" - null null (d509f86a)
2025-07-20T23:47:58.3031966+04:00 0HNE7OP8N1TSV:00000001 [INF] Executing endpoint '"TaskTwo.Controllers.HomeController.Index (TaskTwo)"' (500cc934)
2025-07-20T23:47:58.4860303+04:00 0HNE7OP8N1TSV:00000001 [INF] Route matched with "{action = \"Index\", controller = \"Home\"}". Executing controller action with signature "Microsoft.AspNetCore.Mvc.IActionResult Index()" on controller "TaskTwo.Controllers.HomeController" ("TaskTwo"). (122b2fdf)
2025-07-20T23:47:58.4961203+04:00 0HNE7OP8N1TSV:00000001 [INF] Executed action "TaskTwo.Controllers.HomeController.Index (TaskTwo)" in 4.5843ms (afa2e885)
2025-07-20T23:47:58.4979952+04:00 0HNE7OP8N1TSV:00000001 [INF] Executed endpoint '"TaskTwo.Controllers.HomeController.Index (TaskTwo)"' (99874f2b)
2025-07-20T23:47:58.6366320+04:00 0HNE7OP8N1TSV:00000001 [ERR] An unhandled exception has occurred while executing the request. (48a46595)
System.InvalidOperationException: Unable to resolve service for type 'TaskTwo.IRepository`1[TaskTwo.Models.PizzaModel]' while attempting to activate 'TaskTwo.Controllers.HomeController'.
   at Microsoft.Extensions.DependencyInjection.ActivatorUtilities.ThrowHelperUnableToResolveService(Type type, Type requiredBy)
   at lambda_method2(Closure, IServiceProvider, Object[])
   at Microsoft.AspNetCore.Mvc.Controllers.ControllerFactoryProvider.<>c__DisplayClass6_0.<CreateControllerFactory>g__CreateController|0(ControllerContext controllerContext)
   at Microsoft.AspNetCore.Mvc.Infrastructure.ControllerActionInvoker.Next(State& next, Scope& scope, Object& state, Boolean& isCompleted)
   at Microsoft.AspNetCore.Mvc.Infrastructure.ControllerActionInvoker.InvokeInnerFilterAsync()
--- End of stack trace from previous location ---
   at Microsoft.AspNetCore.Mvc.Infrastructure.ResourceInvoker.<InvokeNextResourceFilter>g__Awaited|25_0(ResourceInvoker invoker, Task lastTask, State next, Scope scope, Object state, Boolean isCompleted)
   at Microsoft.AspNetCore.Mvc.Infrastructure.ResourceInvoker.Rethrow(ResourceExecutedContextSealed context)
   at Microsoft.AspNetCore.Mvc.Infrastructure.ResourceInvoker.Next(State& next, Scope& scope, Object& state, Boolean& isCompleted)
   at Microsoft.AspNetCore.Mvc.Infrastructure.ResourceInvoker.InvokeFilterPipelineAsync()
--- End of stack trace from previous location ---
   at Microsoft.AspNetCore.Mvc.Infrastructure.ResourceInvoker.<InvokeAsync>g__Logged|17_1(ResourceInvoker invoker)
   at Microsoft.AspNetCore.Mvc.Infrastructure.ResourceInvoker.<InvokeAsync>g__Logged|17_1(ResourceInvoker invoker)
   at Microsoft.AspNetCore.Routing.EndpointMiddleware.<Invoke>g__AwaitRequestTask|7_0(Endpoint endpoint, Task requestTask, ILogger logger)
   at Microsoft.AspNetCore.Authorization.AuthorizationMiddleware.Invoke(HttpContext context)
   at Microsoft.AspNetCore.Authentication.AuthenticationMiddleware.Invoke(HttpContext context)
   at Microsoft.AspNetCore.Diagnostics.DeveloperExceptionPageMiddlewareImpl.Invoke(HttpContext context)
2025-07-20T23:47:58.7339508+04:00 0HNE7OP8N1TSV:00000001 [INF] Request finished "HTTP/2" "GET" "https"://"localhost:7071""""/""" - 500 null "text/html; charset=utf-8" 1189.1671ms (74253ad3)
2025-07-20T23:47:58.8549128+04:00 0HNE7OP8N1TSV:00000003 [INF] Request starting "HTTP/2" "GET" "https"://"localhost:7071""""/_framework/aspnetcore-browser-refresh.js""" - null null (d509f86a)
2025-07-20T23:47:58.8578205+04:00 0HNE7OP8N1TSV:00000005 [INF] Request starting "HTTP/2" "GET" "https"://"localhost:7071""""/_vs/browserLink""" - null null (d509f86a)
2025-07-20T23:47:58.8796186+04:00 0HNE7OP8N1TSV:00000003 [INF] Request finished "HTTP/2" "GET" "https"://"localhost:7071""""/_framework/aspnetcore-browser-refresh.js""" - 200 13750 "application/javascript; charset=utf-8" 22.2642ms (74253ad3)
2025-07-20T23:47:59.0514004+04:00 0HNE7OP8N1TSV:00000005 [INF] Request finished "HTTP/2" "GET" "https"://"localhost:7071""""/_vs/browserLink""" - 200 null "text/javascript; charset=UTF-8" 193.5912ms (74253ad3)
2025-07-20T23:50:38.7254457+04:00  [INF] User profile is available. Using '"C:\Users\oldui\AppData\Local\ASP.NET\DataProtection-Keys"' as key repository and Windows DPAPI to encrypt keys at rest. (7ac5e29c)
2025-07-20T23:50:39.0542392+04:00  [INF] Now listening on: "https://localhost:7071" (d826f4b8)
2025-07-20T23:50:39.0548229+04:00  [INF] Now listening on: "http://localhost:5102" (d826f4b8)
2025-07-20T23:50:39.1151426+04:00  [INF] Application started. Press Ctrl+C to shut down. (dcaefe54)
2025-07-20T23:50:39.1161912+04:00  [INF] Hosting environment: "Development" (bc5a1a4e)
2025-07-20T23:50:39.1162471+04:00  [INF] Content root path: "D:\Tasks\TaskTwo" (cc26f24e)
2025-07-20T23:50:39.6086888+04:00 0HNE7OQPTQAJQ:00000001 [INF] Request starting "HTTP/2" "GET" "https"://"localhost:7071""""/""" - null null (d509f86a)
2025-07-20T23:50:39.8097206+04:00 0HNE7OQPTQAJQ:00000001 [INF] Executing endpoint '"TaskTwo.Controllers.HomeController.Index (TaskTwo)"' (500cc934)
2025-07-20T23:50:39.8625783+04:00 0HNE7OQPTQAJQ:00000001 [INF] Route matched with "{action = \"Index\", controller = \"Home\"}". Executing controller action with signature "Microsoft.AspNetCore.Mvc.IActionResult Index()" on controller "TaskTwo.Controllers.HomeController" ("TaskTwo"). (122b2fdf)
2025-07-20T23:50:39.8721440+04:00 0HNE7OQPTQAJQ:00000001 [INF] Executed action "TaskTwo.Controllers.HomeController.Index (TaskTwo)" in 4.3926ms (afa2e885)
2025-07-20T23:50:39.8731263+04:00 0HNE7OQPTQAJQ:00000001 [INF] Executed endpoint '"TaskTwo.Controllers.HomeController.Index (TaskTwo)"' (99874f2b)
2025-07-20T23:50:39.9186697+04:00 0HNE7OQPTQAJQ:00000001 [ERR] An unhandled exception has occurred while executing the request. (48a46595)
System.InvalidOperationException: Unable to resolve service for type 'TaskTwo.IRepository`1[TaskTwo.Models.PizzaModel]' while attempting to activate 'TaskTwo.Controllers.HomeController'.
   at Microsoft.Extensions.DependencyInjection.ActivatorUtilities.ThrowHelperUnableToResolveService(Type type, Type requiredBy)
   at lambda_method2(Closure, IServiceProvider, Object[])
   at Microsoft.AspNetCore.Mvc.Controllers.ControllerFactoryProvider.<>c__DisplayClass6_0.<CreateControllerFactory>g__CreateController|0(ControllerContext controllerContext)
   at Microsoft.AspNetCore.Mvc.Infrastructure.ControllerActionInvoker.Next(State& next, Scope& scope, Object& state, Boolean& isCompleted)
   at Microsoft.AspNetCore.Mvc.Infrastructure.ControllerActionInvoker.InvokeInnerFilterAsync()
--- End of stack trace from previous location ---
   at Microsoft.AspNetCore.Mvc.Infrastructure.ResourceInvoker.<InvokeNextResourceFilter>g__Awaited|25_0(ResourceInvoker invoker, Task lastTask, State next, Scope scope, Object state, Boolean isCompleted)
   at Microsoft.AspNetCore.Mvc.Infrastructure.ResourceInvoker.Rethrow(ResourceExecutedContextSealed context)
   at Microsoft.AspNetCore.Mvc.Infrastructure.ResourceInvoker.Next(State& next, Scope& scope, Object& state, Boolean& isCompleted)
   at Microsoft.AspNetCore.Mvc.Infrastructure.ResourceInvoker.InvokeFilterPipelineAsync()
--- End of stack trace from previous location ---
   at Microsoft.AspNetCore.Mvc.Infrastructure.ResourceInvoker.<InvokeAsync>g__Logged|17_1(ResourceInvoker invoker)
   at Microsoft.AspNetCore.Mvc.Infrastructure.ResourceInvoker.<InvokeAsync>g__Logged|17_1(ResourceInvoker invoker)
   at Microsoft.AspNetCore.Routing.EndpointMiddleware.<Invoke>g__AwaitRequestTask|7_0(Endpoint endpoint, Task requestTask, ILogger logger)
   at Microsoft.AspNetCore.Authorization.AuthorizationMiddleware.Invoke(HttpContext context)
   at Microsoft.AspNetCore.Authentication.AuthenticationMiddleware.Invoke(HttpContext context)
   at Microsoft.AspNetCore.Diagnostics.DeveloperExceptionPageMiddlewareImpl.Invoke(HttpContext context)
2025-07-20T23:50:39.9960187+04:00 0HNE7OQPTQAJQ:00000001 [INF] Request finished "HTTP/2" "GET" "https"://"localhost:7071""""/""" - 500 null "text/html; charset=utf-8" 396.2188ms (74253ad3)
2025-07-20T23:50:40.1197973+04:00 0HNE7OQPTQAJQ:00000003 [INF] Request starting "HTTP/2" "GET" "https"://"localhost:7071""""/_framework/aspnetcore-browser-refresh.js""" - null null (d509f86a)
2025-07-20T23:50:40.2096335+04:00 0HNE7OQPTQAJQ:00000005 [INF] Request starting "HTTP/2" "GET" "https"://"localhost:7071""""/_vs/browserLink""" - null null (d509f86a)
2025-07-20T23:50:40.2487418+04:00 0HNE7OQPTQAJQ:00000003 [INF] Request finished "HTTP/2" "GET" "https"://"localhost:7071""""/_framework/aspnetcore-browser-refresh.js""" - 200 13750 "application/javascript; charset=utf-8" 128.9674ms (74253ad3)
2025-07-20T23:50:40.3715264+04:00 0HNE7OQPTQAJQ:00000005 [INF] Request finished "HTTP/2" "GET" "https"://"localhost:7071""""/_vs/browserLink""" - 200 null "text/javascript; charset=UTF-8" 161.9355ms (74253ad3)
2025-07-20T23:51:38.2922022+04:00  [INF] User profile is available. Using '"C:\Users\oldui\AppData\Local\ASP.NET\DataProtection-Keys"' as key repository and Windows DPAPI to encrypt keys at rest. (7ac5e29c)
2025-07-20T23:51:38.6467178+04:00  [INF] Now listening on: "https://localhost:7071" (d826f4b8)
2025-07-20T23:51:38.6469524+04:00  [INF] Now listening on: "http://localhost:5102" (d826f4b8)
2025-07-20T23:51:38.6922830+04:00  [INF] Application started. Press Ctrl+C to shut down. (dcaefe54)
2025-07-20T23:51:38.6928934+04:00  [INF] Hosting environment: "Development" (bc5a1a4e)
2025-07-20T23:51:38.6929733+04:00  [INF] Content root path: "D:\Tasks\TaskTwo" (cc26f24e)
2025-07-20T23:51:39.1694241+04:00 0HNE7ORBMRKVN:00000001 [INF] Request starting "HTTP/2" "GET" "https"://"localhost:7071""""/""" - null null (d509f86a)
2025-07-20T23:51:39.3478544+04:00 0HNE7ORBMRKVN:00000001 [INF] Executing endpoint '"TaskTwo.Controllers.HomeController.Index (TaskTwo)"' (500cc934)
2025-07-20T23:51:39.3986646+04:00 0HNE7ORBMRKVN:00000001 [INF] Route matched with "{action = \"Index\", controller = \"Home\"}". Executing controller action with signature "Microsoft.AspNetCore.Mvc.IActionResult Index()" on controller "TaskTwo.Controllers.HomeController" ("TaskTwo"). (122b2fdf)
2025-07-20T23:51:39.4036892+04:00 0HNE7ORBMRKVN:00000001 [INF] Открыта главная страница Index (2054a6db)
2025-07-20T23:51:39.4043189+04:00 0HNE7ORBMRKVN:00000001 [INF] Выполнен запрос на получение всех пицц. Количество: 8 (c64a3b1d)
2025-07-20T23:51:39.4193229+04:00 0HNE7ORBMRKVN:00000001 [INF] Executing ViewResult, running view "Index". (c83d0e25)
2025-07-20T23:51:39.7073971+04:00 0HNE7ORBMRKVN:00000001 [INF] Executed ViewResult - view "Index" executed in 291.1658ms. (f66409e9)
2025-07-20T23:51:39.7136596+04:00 0HNE7ORBMRKVN:00000001 [INF] Executed action "TaskTwo.Controllers.HomeController.Index (TaskTwo)" in 314.0332ms (afa2e885)
2025-07-20T23:51:39.7144464+04:00 0HNE7ORBMRKVN:00000001 [INF] Executed endpoint '"TaskTwo.Controllers.HomeController.Index (TaskTwo)"' (99874f2b)
2025-07-20T23:55:21.4387294+04:00  [INF] User profile is available. Using '"C:\Users\oldui\AppData\Local\ASP.NET\DataProtection-Keys"' as key repository and Windows DPAPI to encrypt keys at rest. (7ac5e29c)
2025-07-20T23:55:21.7961972+04:00  [INF] Now listening on: "https://localhost:7071" (d826f4b8)
2025-07-20T23:55:21.7964518+04:00  [INF] Now listening on: "http://localhost:5102" (d826f4b8)
2025-07-20T23:55:21.8475294+04:00  [INF] Application started. Press Ctrl+C to shut down. (dcaefe54)
2025-07-20T23:55:21.8481544+04:00  [INF] Hosting environment: "Development" (bc5a1a4e)
2025-07-20T23:55:21.8482300+04:00  [INF] Content root path: "D:\Tasks\TaskTwo" (cc26f24e)
2025-07-20T23:55:22.5888700+04:00 0HNE7OTE94E7A:00000001 [INF] Request starting "HTTP/2" "GET" "https"://"localhost:7071""""/""" - null null (d509f86a)
2025-07-20T23:55:22.7929741+04:00 0HNE7OTE94E7A:00000001 [INF] Executing endpoint '"TaskTwo.Controllers.HomeController.Index (TaskTwo)"' (500cc934)
2025-07-20T23:55:22.8511487+04:00 0HNE7OTE94E7A:00000001 [INF] Route matched with "{action = \"Index\", controller = \"Home\"}". Executing controller action with signature "Microsoft.AspNetCore.Mvc.IActionResult Index()" on controller "TaskTwo.Controllers.HomeController" ("TaskTwo"). (122b2fdf)
2025-07-20T23:55:22.8562234+04:00 0HNE7OTE94E7A:00000001 [INF] Открыта главная страница Index (2054a6db)
2025-07-20T23:55:22.8567726+04:00 0HNE7OTE94E7A:00000001 [INF] Выполнен запрос на получение всех пицц. Количество: 8 (c64a3b1d)
2025-07-20T23:55:22.8691435+04:00 0HNE7OTE94E7A:00000001 [INF] Executing ViewResult, running view "Index". (c83d0e25)
2025-07-20T23:55:23.0109292+04:00 0HNE7OTE94E7A:00000001 [INF] Executed ViewResult - view "Index" executed in 144.1045ms. (f66409e9)
2025-07-20T23:55:23.0171769+04:00 0HNE7OTE94E7A:00000001 [INF] Executed action "TaskTwo.Controllers.HomeController.Index (TaskTwo)" in 164.9431ms (afa2e885)
2025-07-20T23:55:23.0177697+04:00 0HNE7OTE94E7A:00000001 [INF] Executed endpoint '"TaskTwo.Controllers.HomeController.Index (TaskTwo)"' (99874f2b)
2025-07-20T23:55:23.0232557+04:00 0HNE7OTE94E7A:00000001 [INF] Repository disposed (9676db6b)
2025-07-20T23:55:23.0243050+04:00 0HNE7OTE94E7A:00000001 [INF] Request finished "HTTP/2" "GET" "https"://"localhost:7071""""/""" - 200 null "text/html; charset=utf-8" 445.2373ms (74253ad3)
2025-07-20T23:55:23.1381571+04:00 0HNE7OTE94E7A:00000005 [INF] Request starting "HTTP/2" "GET" "https"://"localhost:7071""""/css/site.css""?v=zlemyGv11LkJ7COyPhVIZf1aoyynWUkAEY_8pCyCrYU" - null null (d509f86a)
2025-07-20T23:55:23.1384389+04:00 0HNE7OTE94E7A:00000003 [INF] Request starting "HTTP/2" "GET" "https"://"localhost:7071""""/lib/bootstrap/dist/css/bootstrap.min.css""" - null null (d509f86a)
2025-07-20T23:55:23.1394518+04:00 0HNE7OTE94E7A:00000007 [INF] Request starting "HTTP/2" "GET" "https"://"localhost:7071""""/TaskTwo.styles.css""?v=40SrhhwedjUnsBezsK29mu5bxnIAwXW0CKvRf6RzKxM" - null null (d509f86a)
2025-07-20T23:55:23.1432405+04:00 0HNE7OTE94E7A:00000009 [INF] Request starting "HTTP/2" "GET" "https"://"localhost:7071""""/images/capriccio_1.jpg""" - null null (d509f86a)
2025-07-20T23:55:23.1461918+04:00 0HNE7OTE94E7A:00000003 [INF] The file "/lib/bootstrap/dist/css/bootstrap.min.css" was not modified (f1f8d725)
2025-07-20T23:55:23.1462290+04:00 0HNE7OTE94E7A:00000007 [INF] The file "/TaskTwo.styles.css" was not modified (f1f8d725)
2025-07-20T23:55:23.1464351+04:00 0HNE7OTE94E7A:00000009 [INF] The file "/images/capriccio_1.jpg" was not modified (f1f8d725)
2025-07-20T23:55:23.1474428+04:00 0HNE7OTE94E7A:00000003 [INF] Request finished "HTTP/2" "GET" "https"://"localhost:7071""""/lib/bootstrap/dist/css/bootstrap.min.css""" - 304 null "text/css" 9.2179ms (74253ad3)
2025-07-20T23:55:23.1477039+04:00 0HNE7OTE94E7A:0000000B [INF] Request starting "HTTP/2" "GET" "https"://"localhost:7071""""/images/xxxl_1.jpg""" - null null (d509f86a)
2025-07-20T23:55:23.1477800+04:00 0HNE7OTE94E7A:00000009 [INF] Request finished "HTTP/2" "GET" "https"://"localhost:7071""""/images/capriccio_1.jpg""" - 304 null "image/jpeg" 5.6145ms (74253ad3)
2025-07-20T23:55:23.1480067+04:00 0HNE7OTE94E7A:0000000B [INF] The file "/images/xxxl_1.jpg" was not modified (f1f8d725)
2025-07-20T23:55:23.1481676+04:00 0HNE7OTE94E7A:0000000B [INF] Request finished "HTTP/2" "GET" "https"://"localhost:7071""""/images/xxxl_1.jpg""" - 304 null "image/jpeg" 0.4737ms (74253ad3)
2025-07-20T23:55:23.1583215+04:00 0HNE7OTE94E7A:00000007 [INF] Request finished "HTTP/2" "GET" "https"://"localhost:7071""""/TaskTwo.styles.css""?v=40SrhhwedjUnsBezsK29mu5bxnIAwXW0CKvRf6RzKxM" - 304 null "text/css" 14.2676ms (74253ad3)
2025-07-20T23:55:23.1585996+04:00 0HNE7OTE94E7A:0000000F [INF] Request starting "HTTP/2" "GET" "https"://"localhost:7071""""/images/amazonka_1.jpg""" - null null (d509f86a)
2025-07-20T23:55:23.1586193+04:00 0HNE7OTE94E7A:0000000D [INF] Request starting "HTTP/2" "GET" "https"://"localhost:7071""""/images/4_vkusa_1.jpg""" - null null (d509f86a)
2025-07-20T23:55:23.1589292+04:00 0HNE7OTE94E7A:00000011 [INF] Request starting "HTTP/2" "GET" "https"://"localhost:7071""""/images/bananzza_1.jpg""" - null null (d509f86a)
2025-07-20T23:55:23.1599823+04:00 0HNE7OTE94E7A:0000000D [INF] The file "/images/4_vkusa_1.jpg" was not modified (f1f8d725)
2025-07-20T23:55:23.1599856+04:00 0HNE7OTE94E7A:00000011 [INF] The file "/images/bananzza_1.jpg" was not modified (f1f8d725)
2025-07-20T23:55:23.1599796+04:00 0HNE7OTE94E7A:0000000F [INF] The file "/images/amazonka_1.jpg" was not modified (f1f8d725)
2025-07-20T23:55:23.1602041+04:00 0HNE7OTE94E7A:0000000D [INF] Request finished "HTTP/2" "GET" "https"://"localhost:7071""""/images/4_vkusa_1.jpg""" - 304 null "image/jpeg" 1.7203ms (74253ad3)
2025-07-20T23:55:23.1602071+04:00 0HNE7OTE94E7A:00000011 [INF] Request finished "HTTP/2" "GET" "https"://"localhost:7071""""/images/bananzza_1.jpg""" - 304 null "image/jpeg" 1.3156ms (74253ad3)
2025-07-20T23:55:23.1602449+04:00 0HNE7OTE94E7A:0000000F [INF] Request finished "HTTP/2" "GET" "https"://"localhost:7071""""/images/amazonka_1.jpg""" - 304 null "image/jpeg" 1.6517ms (74253ad3)
2025-07-20T23:55:23.1604054+04:00 0HNE7OTE94E7A:00000013 [INF] Request starting "HTTP/2" "GET" "https"://"localhost:7071""""/_framework/aspnetcore-browser-refresh.js""" - null null (d509f86a)
2025-07-20T23:55:23.1623003+04:00 0HNE7OTE94E7A:00000015 [INF] Request starting "HTTP/2" "GET" "https"://"localhost:7071""""/lib/jquery/dist/jquery.min.js""" - null null (d509f86a)
2025-07-20T23:55:23.1632292+04:00 0HNE7OTE94E7A:00000015 [INF] The file "/lib/jquery/dist/jquery.min.js" was not modified (f1f8d725)
2025-07-20T23:55:23.1633015+04:00 0HNE7OTE94E7A:00000017 [INF] Request starting "HTTP/2" "GET" "https"://"localhost:7071""""/lib/bootstrap/dist/js/bootstrap.bundle.min.js""" - null null (d509f86a)
2025-07-20T23:55:23.1634087+04:00 0HNE7OTE94E7A:00000015 [INF] Request finished "HTTP/2" "GET" "https"://"localhost:7071""""/lib/jquery/dist/jquery.min.js""" - 304 null "text/javascript" 1.1238ms (74253ad3)
2025-07-20T23:55:23.1635518+04:00 0HNE7OTE94E7A:00000019 [INF] Request starting "HTTP/2" "GET" "https"://"localhost:7071""""/js/site.js""?v=hRQyftXiu1lLX2P9Ly9xa4gHJgLeR1uGN5qegUobtGo" - null null (d509f86a)
2025-07-20T23:55:23.1635602+04:00 0HNE7OTE94E7A:00000017 [INF] The file "/lib/bootstrap/dist/js/bootstrap.bundle.min.js" was not modified (f1f8d725)
2025-07-20T23:55:23.1637859+04:00 0HNE7OTE94E7A:00000019 [INF] The file "/js/site.js" was not modified (f1f8d725)
2025-07-20T23:55:23.1637830+04:00 0HNE7OTE94E7A:00000017 [INF] Request finished "HTTP/2" "GET" "https"://"localhost:7071""""/lib/bootstrap/dist/js/bootstrap.bundle.min.js""" - 304 null "text/javascript" 0.5038ms (74253ad3)
2025-07-20T23:55:23.1639622+04:00 0HNE7OTE94E7A:00000019 [INF] Request finished "HTTP/2" "GET" "https"://"localhost:7071""""/js/site.js""?v=hRQyftXiu1lLX2P9Ly9xa4gHJgLeR1uGN5qegUobtGo" - 304 null "text/javascript" 0.3976ms (74253ad3)
2025-07-20T23:55:23.1639837+04:00 0HNE7OTE94E7A:0000001B [INF] Request starting "HTTP/2" "GET" "https"://"localhost:7071""""/images/barbeq_1.jpg""" - null null (d509f86a)
2025-07-20T23:55:23.1641240+04:00 0HNE7OTE94E7A:0000001D [INF] Request starting "HTTP/2" "GET" "https"://"localhost:7071""""/images/buritto_1.jpg""" - null null (d509f86a)
2025-07-20T23:55:23.1642391+04:00 0HNE7OTE94E7A:0000001B [INF] The file "/images/barbeq_1.jpg" was not modified (f1f8d725)
2025-07-20T23:55:23.1643500+04:00 0HNE7OTE94E7A:0000001D [INF] The file "/images/buritto_1.jpg" was not modified (f1f8d725)
2025-07-20T23:55:23.1644772+04:00 0HNE7OTE94E7A:0000001B [INF] Request finished "HTTP/2" "GET" "https"://"localhost:7071""""/images/barbeq_1.jpg""" - 304 null "image/jpeg" 0.4878ms (74253ad3)
2025-07-20T23:55:23.1645505+04:00 0HNE7OTE94E7A:0000001D [INF] Request finished "HTTP/2" "GET" "https"://"localhost:7071""""/images/buritto_1.jpg""" - 304 null "image/jpeg" 0.418ms (74253ad3)
2025-07-20T23:55:23.1650800+04:00 0HNE7OTE94E7A:0000001F [INF] Request starting "HTTP/2" "GET" "https"://"localhost:7071""""/images/hawai_1.jpg""" - null null (d509f86a)
2025-07-20T23:55:23.1654067+04:00 0HNE7OTE94E7A:00000021 [INF] Request starting "HTTP/2" "GET" "https"://"localhost:7071""""/_vs/browserLink""" - null null (d509f86a)
2025-07-20T23:55:23.1654883+04:00 0HNE7OTE94E7A:0000001F [INF] The file "/images/hawai_1.jpg" was not modified (f1f8d725)
2025-07-20T23:55:23.1658818+04:00 0HNE7OTE94E7A:0000001F [INF] Request finished "HTTP/2" "GET" "https"://"localhost:7071""""/images/hawai_1.jpg""" - 304 null "image/jpeg" 0.8558ms (74253ad3)
2025-07-20T23:55:23.1839548+04:00 0HNE7OTE94E7A:00000013 [INF] Request finished "HTTP/2" "GET" "https"://"localhost:7071""""/_framework/aspnetcore-browser-refresh.js""" - 200 13750 "application/javascript; charset=utf-8" 23.4893ms (74253ad3)
2025-07-20T23:55:23.1904204+04:00 0HNE7OTE94E7A:00000005 [INF] The file "/css/site.css" was not modified (f1f8d725)
2025-07-20T23:55:23.1906345+04:00 0HNE7OTE94E7A:00000005 [INF] Request finished "HTTP/2" "GET" "https"://"localhost:7071""""/css/site.css""?v=zlemyGv11LkJ7COyPhVIZf1aoyynWUkAEY_8pCyCrYU" - 304 null "text/css" 52.7954ms (74253ad3)
2025-07-20T23:55:23.2376161+04:00 0HNE7OTE94E7A:00000021 [INF] Request finished "HTTP/2" "GET" "https"://"localhost:7071""""/_vs/browserLink""" - 200 null "text/javascript; charset=UTF-8" 72.1552ms (74253ad3)
2025-07-20T23:55:38.0798585+04:00 0HNE7OTE94E7A:00000023 [INF] Request starting "HTTP/2" "GET" "https"://"localhost:7071""""/Home/Details/1""" - null null (d509f86a)
2025-07-20T23:55:38.0926901+04:00 0HNE7OTE94E7A:00000023 [INF] Executing endpoint '"TaskTwo.Controllers.HomeController.Details (TaskTwo)"' (500cc934)
2025-07-20T23:55:38.1055604+04:00 0HNE7OTE94E7A:00000023 [INF] Route matched with "{action = \"Details\", controller = \"Home\"}". Executing controller action with signature "Microsoft.AspNetCore.Mvc.IActionResult Details(Int32)" on controller "TaskTwo.Controllers.HomeController" ("TaskTwo"). (122b2fdf)
2025-07-20T23:55:38.1182787+04:00 0HNE7OTE94E7A:00000023 [INF] Просмотр пиццы с ID: 1 (1946fcbf)
2025-07-20T23:55:38.1188878+04:00 0HNE7OTE94E7A:00000023 [INF] Выполнен запрос на получение пиццы по ID: 1 (be03ebd9)
2025-07-20T23:55:38.1193161+04:00 0HNE7OTE94E7A:00000023 [INF] Пицца найдена: "Capriccio", Цена: 740 (f5e1decd)
2025-07-20T23:55:38.1209672+04:00 0HNE7OTE94E7A:00000023 [INF] Executing ViewResult, running view "Details". (c83d0e25)
2025-07-20T23:55:38.1317485+04:00 0HNE7OTE94E7A:00000023 [INF] Executed ViewResult - view "Details" executed in 11.8346ms. (f66409e9)
2025-07-20T23:55:38.1335793+04:00 0HNE7OTE94E7A:00000023 [INF] Executed action "TaskTwo.Controllers.HomeController.Details (TaskTwo)" in 27.8552ms (afa2e885)
2025-07-20T23:55:38.1394057+04:00 0HNE7OTE94E7A:00000023 [INF] Executed endpoint '"TaskTwo.Controllers.HomeController.Details (TaskTwo)"' (99874f2b)
2025-07-20T23:55:38.1425903+04:00 0HNE7OTE94E7A:00000023 [INF] Repository disposed (9676db6b)
2025-07-20T23:55:38.1431040+04:00 0HNE7OTE94E7A:00000023 [INF] Request finished "HTTP/2" "GET" "https"://"localhost:7071""""/Home/Details/1""" - 200 null "text/html; charset=utf-8" 63.8445ms (74253ad3)
2025-07-20T23:55:38.2165302+04:00 0HNE7OTE94E7A:00000025 [INF] Request starting "HTTP/2" "GET" "https"://"localhost:7071""""/_framework/aspnetcore-browser-refresh.js""" - null null (d509f86a)
2025-07-20T23:55:38.2174662+04:00 0HNE7OTE94E7A:00000027 [INF] Request starting "HTTP/2" "GET" "https"://"localhost:7071""""/_vs/browserLink""" - null null (d509f86a)
2025-07-20T23:55:38.2204465+04:00 0HNE7OTE94E7A:00000025 [INF] Request finished "HTTP/2" "GET" "https"://"localhost:7071""""/_framework/aspnetcore-browser-refresh.js""" - 200 13750 "application/javascript; charset=utf-8" 3.9324ms (74253ad3)
2025-07-20T23:55:38.2881228+04:00 0HNE7OTE94E7A:00000027 [INF] Request finished "HTTP/2" "GET" "https"://"localhost:7071""""/_vs/browserLink""" - 200 null "text/javascript; charset=UTF-8" 70.6258ms (74253ad3)
